\BOOKMARK [1][-]{section.1}{\376\377\000.\000\040\137\025\212\000}{}% 1
\BOOKMARK [2][-]{subsection.1.1}{\376\377\000.\000\040\000L\000a\000n\000g\000u\000a\000g\000e}{section.1}% 2
\BOOKMARK [2][-]{subsection.1.2}{\376\377\000.\000\040\000D\000u\000a\000l\000\040\000s\000u\000b\000m\000i\000s\000s\000i\000o\000n}{section.1}% 3
\BOOKMARK [2][-]{subsection.1.3}{\376\377\000.\000\040\000P\000a\000p\000e\000r\000\040\000l\000e\000n\000g\000t\000h}{section.1}% 4
\BOOKMARK [2][-]{subsection.1.4}{\376\377\000.\000\040\000T\000h\000e\000\040\000r\000u\000l\000e\000r}{section.1}% 5
\BOOKMARK [2][-]{subsection.1.5}{\376\377\000.\000\040\000P\000a\000p\000e\000r\000\040\000I\000D}{section.1}% 6
\BOOKMARK [2][-]{subsection.1.6}{\376\377\000.\000\040\000M\000a\000t\000h\000e\000m\000a\000t\000i\000c\000s}{section.1}% 7
\BOOKMARK [2][-]{subsection.1.7}{\376\377\000.\000\040\000B\000l\000i\000n\000d\000\040\000r\000e\000v\000i\000e\000w}{section.1}% 8
\BOOKMARK [2][-]{subsection.1.8}{\376\377\000.\000\040\000M\000i\000s\000c\000e\000l\000l\000a\000n\000e\000o\000u\000s}{section.1}% 9
\BOOKMARK [1][-]{section.2}{\376\377\000.\000\040\166\370\121\163\135\345\117\134}{}% 10
\BOOKMARK [2][-]{subsection.2.1}{\376\377\000.\000\040\000M\000a\000r\000g\000i\000n\000s\000\040\000a\000n\000d\000\040\000p\000a\000g\000e\000\040\000n\000u\000m\000b\000e\000r\000i\000n\000g}{section.2}% 11
\BOOKMARK [2][-]{subsection.2.2}{\376\377\000.\000\040\000T\000y\000p\000e\000\040\000s\000t\000y\000l\000e\000\040\000a\000n\000d\000\040\000f\000o\000n\000t\000s}{section.2}% 12
\BOOKMARK [2][-]{subsection.2.3}{\376\377\000.\000\040\000F\000o\000o\000t\000n\000o\000t\000e\000s}{section.2}% 13
\BOOKMARK [2][-]{subsection.2.4}{\376\377\000.\000\040\000C\000r\000o\000s\000s\000-\000r\000e\000f\000e\000r\000e\000n\000c\000e\000s}{section.2}% 14
\BOOKMARK [2][-]{subsection.2.5}{\376\377\000.\000\040\000I\000l\000l\000u\000s\000t\000r\000a\000t\000i\000o\000n\000s\000,\000\040\000g\000r\000a\000p\000h\000s\000,\000\040\000a\000n\000d\000\040\000p\000h\000o\000t\000o\000g\000r\000a\000p\000h\000s}{section.2}% 15
\BOOKMARK [2][-]{subsection.2.6}{\376\377\000.\000\040\000C\000o\000l\000o\000r}{section.2}% 16
\BOOKMARK [1][-]{section.3}{\376\377\000.\000\040\145\271\154\325\213\272}{}% 17
\BOOKMARK [2][-]{subsection.3.1}{\376\377\000.\000\040\136\372\173\121\162\151\172\313\227\142\213\355\116\111\117\341\140\157\143\320\123\326}{section.3}% 18
\BOOKMARK [2][-]{subsection.3.2}{\376\377\000.\000\040\136\372\173\121\162\151\172\313\227\142\213\355\116\111\117\341\140\157\211\304\122\031\123\026}{section.3}% 19
\BOOKMARK [3][-]{subsubsection.3.2.1}{\376\377\172\313\227\142\000b\000o\000u\000n\000d\000i\000n\000g\000\040\000b\000o\000x\122\006\176\304}{subsection.3.2}% 20
\BOOKMARK [3][-]{subsubsection.3.2.2}{\376\377\122\006\176\304\225\364\000b\000o\000u\000n\000d\000i\000n\000g\000\040\000b\000o\000x\117\030\123\026}{subsection.3.2}% 21
\BOOKMARK [3][-]{subsubsection.3.2.3}{\376\377\176\304\121\205\000b\000o\000u\000n\000d\000i\000n\000g\000\040\000b\000o\000x\117\030\123\026}{subsection.3.2}% 22
\BOOKMARK [2][-]{subsection.3.3}{\376\377\000.\000\040\172\227\142\067\213\355\116\111\122\006\122\162\145\271\154\325}{section.3}% 23
\BOOKMARK [2][-]{subsection.3.4}{\376\377\000.\000\040\136\372\173\121\147\204\116\366\172\172\225\364\117\341\140\157\165\037\142\020}{section.3}% 24
\BOOKMARK [1][-]{section.4}{\376\377\000.\000\040\133\236\232\214}{}% 25
\BOOKMARK [1][-]{section.5}{\376\377\000.\000\040\176\323\213\272}{}% 26
